<?xml version="1.0" encoding="UTF-8"?>
<!-- Generated by org.testng.reporters.JUnitReportReporter -->
<testsuite hostname="DESKTOP-REQ67QO" name="SeleniumLearning.CrossAssyst.Homepage" tests="1" failures="0" timestamp="5 May 2020 17:51:46 GMT" time="37.218" errors="0">
  <testcase name="basePageNav" time="37.218" classname="SeleniumLearning.CrossAssyst.Homepage"/>
</testsuite> <!-- SeleniumLearning.CrossAssyst.Homepage -->
